\BOOKMARK [0][-]{dummy.1}{\376\377\000D\000e\000c\000l\000a\000r\000a\000t\000i\000o\000n\000\040\000o\000f\000\040\000A\000u\000t\000h\000o\000r\000s\000h\000i\000p}{}% 1
\BOOKMARK [0][-]{dummy.2}{\376\377\000A\000b\000s\000t\000r\000a\000c\000t}{}% 2
\BOOKMARK [0][-]{dummy.3}{\376\377\000A\000c\000k\000n\000o\000w\000l\000e\000d\000g\000e\000m\000e\000n\000t\000s}{}% 3
\BOOKMARK [0][-]{dummy.4}{\376\377\000C\000o\000n\000t\000e\000n\000t\000s}{}% 4
\BOOKMARK [0][-]{chapter.6}{\376\377\0001\000\040\000I\000n\000t\000r\000o\000d\000u\000c\000t\000i\000o\000n}{}% 5
\BOOKMARK [1][-]{section.7}{\376\377\0001\000.\0001\000\040\000C\000l\000a\000s\000s\000i\000c\000a\000l\000\040\000I\000n\000f\000i\000n\000i\000t\000e\000s\000i\000m\000a\000l\000s}{chapter.6}% 6
\BOOKMARK [1][-]{section.10}{\376\377\0001\000.\0002\000\040\000C\000o\000m\000p\000a\000c\000t\000\040\000O\000p\000e\000r\000a\000t\000o\000r\000s\000\040\000a\000s\000\040\000I\000n\000f\000i\000n\000i\000t\000e\000s\000i\000m\000a\000l\000s}{chapter.6}% 7
\BOOKMARK [1][-]{section.18}{\376\377\0001\000.\0003\000\040\000E\000x\000p\000e\000c\000t\000e\000d\000\040\000P\000r\000o\000p\000e\000r\000t\000i\000e\000s\000\040\000o\000f\000\040\000i\000n\000f\000i\000n\000i\000t\000e\000s\000i\000m\000a\000l\000s}{chapter.6}% 8
\BOOKMARK [1][-]{section.38}{\376\377\0001\000.\0004\000\040\000Q\000u\000a\000n\000t\000i\000s\000e\000d\000\040\000D\000i\000f\000f\000e\000r\000e\000n\000t\000i\000a\000l\000s}{chapter.6}% 9
\BOOKMARK [1][-]{section.46}{\376\377\0001\000.\0005\000\040\000N\000o\000n\000-\000c\000o\000m\000m\000u\000t\000a\000t\000i\000v\000e\000\040\000g\000e\000o\000m\000e\000t\000r\000y}{chapter.6}% 10
\BOOKMARK [2][-]{subsection.47}{\376\377\0001\000.\0005\000.\0001\000\040\000I\000n\000t\000r\000o\000d\000u\000c\000t\000i\000o\000n\000\040\000t\000o\000\040\000t\000h\000e\000\040\000n\000o\000n\000-\000c\000o\000m\000m\000u\000t\000a\000t\000i\000v\000e\000\040\000w\000o\000r\000l\000d}{section.46}% 11
\BOOKMARK [2][-]{subsection.51}{\376\377\0001\000.\0005\000.\0002\000\040\000A\000\040\000b\000r\000i\000e\000f\000\040\000i\000n\000t\000r\000o\000d\000u\000c\000t\000i\000o\000n\000\040\000t\000o\000\040\000Q\000u\000a\000n\000t\000u\000m\000\040\000M\000e\000c\000h\000a\000n\000i\000c\000s}{section.46}% 12
\BOOKMARK [2][-]{subsection.59}{\376\377\0001\000.\0005\000.\0003\000\040\000N\000o\000n\000-\000c\000o\000m\000m\000u\000t\000a\000t\000i\000v\000e\000\040\000s\000p\000a\000c\000e\000s}{section.46}% 13
\BOOKMARK [0][-]{chapter.60}{\376\377\0002\000\040\000Q\000u\000a\000n\000t\000i\000s\000e\000d\000\040\000D\000i\000f\000f\000e\000r\000e\000n\000t\000i\000a\000l\000s\000\040\000o\000n\000\040\000R\000\040\000a\000n\000d\000\040\000T}{}% 14
\BOOKMARK [1][-]{section.61}{\376\377\0002\000.\0001\000\040\000T\000h\000e\000\040\000Q\000u\000a\000n\000t\000i\000s\000e\000d\000\040\000D\000i\000f\000f\000e\000r\000e\000n\000t\000i\000a\000l}{chapter.60}% 15
\BOOKMARK [1][-]{section.66}{\376\377\0002\000.\0002\000\040\000I\000n\000t\000e\000g\000r\000a\000l\000\040\000r\000e\000p\000r\000e\000s\000e\000n\000t\000a\000t\000i\000o\000n\000\040\000o\000f\000\040\000t\000h\000e\000\040\000q\000u\000a\000n\000t\000i\000s\000e\000d\000\040\000d\000i\000f\000f\000e\000r\000e\000n\000t\000i\000a\000l\000\040\000o\000n\000\040\000T}{chapter.60}% 16
\BOOKMARK [1][-]{section.69}{\376\377\0002\000.\0003\000\040\000T\000h\000e\000\040\000C\000a\000y\000l\000e\000y\000\040\000T\000r\000a\000n\000s\000f\000o\000r\000m}{chapter.60}% 17
\BOOKMARK [2][-]{subsection.70}{\376\377\0002\000.\0003\000.\0001\000\040\000N\000o\000t\000a\000t\000i\000o\000n}{section.69}% 18
\BOOKMARK [0][-]{chapter.71}{\376\377\0003\000\040\000B\000a\000s\000i\000c\000\040\000P\000r\000o\000p\000e\000r\000t\000i\000e\000s\000\040\000o\000f\000\040\000H\000a\000n\000k\000e\000l\000\040\000O\000p\000e\000r\000a\000t\000o\000r\000s}{}% 19
\BOOKMARK [1][-]{section.72}{\376\377\0003\000.\0001\000\040\000D\000e\000f\000i\000n\000i\000t\000i\000o\000n\000\040\000o\000f\000\040\000a\000\040\000H\000a\000n\000k\000e\000l\000\040\000m\000a\000t\000r\000i\000x}{chapter.71}% 20
\BOOKMARK [1][-]{section.73}{\376\377\0003\000.\0002\000\040\000B\000o\000u\000n\000d\000e\000d\000\040\000H\000a\000n\000k\000e\000l\000\040\000o\000p\000e\000r\000a\000t\000o\000r\000s}{chapter.71}% 21
\BOOKMARK [1][-]{section.78}{\376\377\0003\000.\0003\000\040\000F\000i\000n\000i\000t\000e\000\040\000R\000a\000n\000k\000\040\000H\000a\000n\000k\000e\000l\000\040\000o\000p\000e\000r\000a\000t\000o\000r\000s}{chapter.71}% 22
\BOOKMARK [1][-]{section.80}{\376\377\0003\000.\0004\000\040\000C\000o\000m\000p\000a\000c\000t\000n\000e\000s\000s\000\040\000o\000f\000\040\000H\000a\000n\000k\000e\000l\000\040\000O\000p\000e\000r\000a\000t\000o\000r\000s}{chapter.71}% 23
\BOOKMARK [1][-]{section.84}{\376\377\0003\000.\0005\000\040\000H\000a\000n\000k\000e\000l\000\040\000O\000p\000e\000r\000a\000t\000o\000r\000s\000\040\000o\000f\000\040\000T\000r\000a\000c\000e\000\040\000C\000l\000a\000s\000s}{chapter.71}% 24
\BOOKMARK [1][-]{section.92}{\376\377\0003\000.\0006\000\040\000I\000n\000t\000e\000r\000p\000o\000l\000a\000t\000i\000o\000n}{chapter.71}% 25
\BOOKMARK [0][-]{chapter.95}{\376\377\0004\000\040\000A\000b\000s\000t\000r\000a\000c\000t\000\040\000D\000i\000f\000f\000e\000r\000e\000n\000t\000i\000a\000l\000\040\000A\000l\000g\000e\000b\000r\000a\000\040\000a\000n\000d\000\040\000S\000p\000e\000c\000t\000r\000a\000l\000\040\000T\000r\000i\000p\000l\000e\000s}{}% 26
\BOOKMARK [1][-]{section.96}{\376\377\0004\000.\0001\000\040\000I\000n\000t\000r\000o\000d\000u\000c\000t\000i\000o\000n}{chapter.95}% 27
\BOOKMARK [1][-]{section.97}{\376\377\0004\000.\0002\000\040\000C\000l\000a\000s\000s\000i\000c\000a\000l\000\040\000D\000i\000f\000f\000e\000r\000e\000n\000t\000i\000a\000l\000\040\000A\000l\000g\000e\000b\000r\000a}{chapter.95}% 28
\BOOKMARK [1][-]{section.98}{\376\377\0004\000.\0003\000\040\000A\000b\000s\000t\000r\000a\000c\000t\000\040\000D\000i\000f\000f\000e\000r\000e\000n\000t\000i\000a\000l\000\040\000A\000l\000g\000e\000b\000r\000a}{chapter.95}% 29
\BOOKMARK [2][-]{subsection.99}{\376\377\0004\000.\0003\000.\0001\000\040\000G\000r\000a\000d\000e\000d\000\040\000D\000i\000f\000f\000e\000r\000e\000n\000t\000i\000a\000l\000\040\000A\000l\000g\000e\000b\000r\000a\000s}{section.98}% 30
\BOOKMARK [2][-]{subsection.100}{\376\377\0004\000.\0003\000.\0002\000\040\000K\000\344\000h\000l\000e\000r\000\040\000D\000i\000f\000f\000e\000r\000e\000n\000t\000i\000a\000l\000s}{section.98}% 31
\BOOKMARK [2][-]{subsection.103}{\376\377\0004\000.\0003\000.\0003\000\040\000U\000n\000i\000v\000e\000r\000s\000a\000l\000\040\000D\000i\000f\000f\000e\000r\000e\000n\000t\000i\000a\000l\000\040\000A\000l\000g\000e\000b\000r\000a}{section.98}% 32
\BOOKMARK [2][-]{subsection.108}{\376\377\0004\000.\0003\000.\0004\000\040\000S\000p\000e\000c\000t\000r\000a\000l\000\040\000T\000r\000i\000p\000l\000e\000s}{section.98}% 33
\BOOKMARK [2][-]{subsection.110}{\376\377\0004\000.\0003\000.\0005\000\040\000C\000o\000n\000n\000e\000s\000\040\000D\000i\000f\000f\000e\000r\000e\000n\000t\000i\000a\000l\000s}{section.98}% 34
\BOOKMARK [0][-]{chapter.112}{\376\377\0005\000\040\000W\000e\000a\000k\000\040\000L\000p\000\040\000m\000e\000m\000b\000e\000r\000s\000h\000i\000p\000\040\000o\000f\000\040\000q\000u\000a\000n\000t\000i\000s\000e\000d\000\040\000d\000i\000f\000f\000e\000r\000e\000n\000t\000i\000a\000l\000s}{}% 35
\BOOKMARK [1][-]{section.113}{\376\377\0005\000.\0001\000\040\000I\000n\000t\000r\000o\000d\000u\000c\000t\000i\000o\000n}{chapter.112}% 36
\BOOKMARK [1][-]{section.114}{\376\377\0005\000.\0002\000\040\000T\000h\000e\000\040\000s\000e\000t\000t\000i\000n\000g}{chapter.112}% 37
\BOOKMARK [1][-]{section.125}{\376\377\0005\000.\0003\000\040\000T\000h\000e\000\040\000T\000h\000e\000o\000r\000e\000m}{chapter.112}% 38
\BOOKMARK [0][-]{chapter.130}{\376\377\0006\000\040\000T\000h\000e\000\040\000C\000h\000a\000i\000n\000\040\000R\000u\000l\000e\000\040\000i\000n\000\040\000Q\000u\000a\000n\000t\000i\000s\000e\000d\000\040\000C\000a\000l\000c\000u\000l\000u\000s}{}% 39
\BOOKMARK [1][-]{section.131}{\376\377\0006\000.\0001\000\040\000I\000n\000t\000r\000o\000d\000u\000c\000t\000i\000o\000n}{chapter.130}% 40
\BOOKMARK [1][-]{section.133}{\376\377\0006\000.\0002\000\040\000T\000h\000e\000\040\000s\000e\000t\000t\000i\000n\000g}{chapter.130}% 41
\BOOKMARK [1][-]{section.137}{\376\377\0006\000.\0003\000\040\000T\000h\000e\000\040\000C\000o\000m\000m\000u\000t\000a\000t\000o\000r\000\040\000L\000e\000m\000m\000a}{chapter.130}% 42
\BOOKMARK [0][-]{chapter.139}{\376\377\0007\000\040\000H\000i\000g\000h\000e\000r\000\040\000D\000i\000m\000e\000n\000s\000i\000o\000n\000s}{}% 43
\BOOKMARK [1][-]{section.140}{\376\377\0007\000.\0001\000\040\000I\000n\000t\000r\000o\000d\000u\000c\000t\000i\000o\000n}{chapter.139}% 44
\BOOKMARK [1][-]{section.143}{\376\377\0007\000.\0002\000\040\000C\000o\000m\000m\000u\000t\000a\000t\000o\000r\000s}{chapter.139}% 45
\BOOKMARK [1][-]{section.153}{\376\377\0007\000.\0003\000\040\000H\000i\000l\000b\000e\000r\000t\000-\000S\000c\000h\000m\000i\000d\000t\000\040\000C\000o\000m\000m\000u\000t\000a\000t\000o\000r\000s}{chapter.139}% 46
\BOOKMARK [1][-]{section.163}{\376\377\0007\000.\0004\000\040\000M\000e\000m\000b\000e\000r\000s\000h\000i\000p\000\040\000o\000f\000\040\000L\000p}{chapter.139}% 47
\BOOKMARK [1][-]{section.170}{\376\377\0007\000.\0005\000\040\000D\000o\000u\000b\000l\000e\000\040\000c\000o\000m\000m\000u\000t\000a\000t\000o\000r\000s}{chapter.139}% 48
\BOOKMARK [0][-]{appendix.176}{\376\377\000A\000\040\000C\000l\000a\000s\000s\000i\000c\000a\000l\000\040\000H\000a\000r\000m\000o\000n\000i\000c\000\040\000A\000n\000a\000l\000y\000s\000i\000s}{}% 49
\BOOKMARK [1][-]{section.177}{\376\377\000A\000.\0001\000\040\000I\000n\000t\000r\000o\000d\000u\000c\000t\000i\000o\000n}{appendix.176}% 50
\BOOKMARK [1][-]{section.180}{\376\377\000A\000.\0002\000\040\000A\000b\000e\000l\000\040\000s\000u\000m\000m\000a\000t\000i\000o\000n}{appendix.176}% 51
\BOOKMARK [1][-]{section.183}{\376\377\000A\000.\0003\000\040\000T\000h\000e\000\040\000P\000o\000i\000s\000s\000o\000n\000\040\000K\000e\000r\000n\000e\000l}{appendix.176}% 52
\BOOKMARK [1][-]{section.188}{\376\377\000A\000.\0004\000\040\000F\000o\000u\000r\000i\000e\000r\000\040\000S\000e\000r\000i\000e\000s\000\040\000o\000f\000\040\000M\000e\000a\000s\000u\000r\000e\000s}{appendix.176}% 53
\BOOKMARK [1][-]{section.191}{\376\377\000A\000.\0005\000\040\000H\000a\000r\000m\000o\000n\000i\000c\000\040\000f\000u\000n\000c\000t\000i\000o\000n\000s\000\040\000o\000n\000\040\000D}{appendix.176}% 54
\BOOKMARK [0][-]{appendix.192}{\376\377\000B\000\040\000L\000o\000r\000e\000n\000t\000z\000\040\000S\000p\000a\000c\000e\000s}{}% 55
\BOOKMARK [1][-]{section.193}{\376\377\000B\000.\0001\000\040\000I\000n\000t\000r\000o\000d\000u\000c\000t\000i\000o\000n}{appendix.192}% 56
\BOOKMARK [1][-]{section.194}{\376\377\000B\000.\0002\000\040\000W\000e\000a\000k\000\040\000L\000p\000-\000s\000p\000a\000c\000e\000s}{appendix.192}% 57
\BOOKMARK [1][-]{section.195}{\376\377\000B\000.\0003\000\040\000N\000o\000n\000-\000i\000n\000c\000r\000e\000a\000s\000i\000n\000g\000\040\000R\000e\000a\000r\000r\000a\000n\000g\000e\000m\000e\000n\000t\000s}{appendix.192}% 58
\BOOKMARK [1][-]{section.199}{\376\377\000B\000.\0004\000\040\000D\000i\000s\000c\000r\000e\000t\000e\000\040\000s\000p\000a\000c\000e\000s}{appendix.192}% 59
\BOOKMARK [0][-]{appendix.200}{\376\377\000C\000\040\000I\000n\000t\000e\000r\000p\000o\000l\000a\000t\000i\000o\000n}{}% 60
\BOOKMARK [1][-]{section.201}{\376\377\000C\000.\0001\000\040\000I\000n\000t\000r\000o\000d\000u\000c\000t\000i\000o\000n}{appendix.200}% 61
\BOOKMARK [1][-]{section.203}{\376\377\000C\000.\0002\000\040\000A\000b\000s\000t\000r\000a\000c\000t\000\040\000I\000n\000t\000e\000r\000p\000o\000l\000a\000t\000i\000o\000n\000\040\000T\000h\000e\000o\000r\000y}{appendix.200}% 62
\BOOKMARK [1][-]{section.208}{\376\377\000C\000.\0003\000\040\000R\000e\000a\000l\000\040\000I\000n\000t\000e\000r\000p\000o\000l\000a\000t\000i\000o\000n\000:\000\040\000T\000h\000e\000\040\000K\000\040\000M\000e\000t\000h\000o\000d}{appendix.200}% 63
\BOOKMARK [1][-]{section.211}{\376\377\000C\000.\0004\000\040\000C\000o\000m\000p\000l\000e\000x\000\040\000I\000n\000t\000e\000r\000p\000o\000l\000a\000t\000i\000o\000n}{appendix.200}% 64
\BOOKMARK [1][-]{section.214}{\376\377\000C\000.\0005\000\040\000U\000s\000i\000n\000g\000\040\000i\000n\000t\000e\000r\000p\000o\000l\000a\000t\000i\000o\000n}{appendix.200}% 65
\BOOKMARK [0][-]{appendix.217}{\376\377\000D\000\040\000G\000r\000o\000u\000p\000\040\000A\000c\000t\000i\000o\000n\000s\000\040\000o\000n\000\040\000V\000o\000n\000\040\000N\000e\000u\000m\000a\000n\000n\000\040\000A\000l\000g\000e\000b\000r\000a\000s}{}% 66
\BOOKMARK [1][-]{section.218}{\376\377\000D\000.\0001\000\040\000I\000n\000t\000r\000o\000d\000u\000c\000t\000i\000o\000n}{appendix.217}% 67
\BOOKMARK [1][-]{section.219}{\376\377\000D\000.\0002\000\040\000C\000o\000m\000p\000a\000c\000t\000\040\000G\000r\000o\000u\000p\000\040\000a\000c\000t\000i\000o\000n\000s}{appendix.217}% 68
\BOOKMARK [1][-]{section.226}{\376\377\000D\000.\0003\000\040\000T\000h\000e\000\040\000s\000p\000a\000c\000e\000\040\000L\0002\000\050\000M\000,\000\051}{appendix.217}% 69
\BOOKMARK [1][-]{section.231}{\376\377\000D\000.\0004\000\040\000N\000o\000n\000-\000c\000o\000m\000m\000u\000t\000a\000t\000i\000v\000e\000\040\000H\000a\000r\000m\000o\000n\000i\000c\000\040\000A\000n\000a\000l\000y\000s\000i\000s}{appendix.217}% 70
\BOOKMARK [1][-]{section.245}{\376\377\000D\000.\0005\000\040\000T\000h\000e\000\040\000O\000p\000e\000r\000a\000t\000o\000r\000s\000\040\000j}{appendix.217}% 71
\BOOKMARK [0][-]{appendix.249}{\376\377\000E\000\040\000D\000i\000r\000a\000c\000\040\000O\000p\000e\000r\000a\000t\000o\000r\000s}{}% 72
\BOOKMARK [1][-]{section.250}{\376\377\000E\000.\0001\000\040\000I\000n\000t\000r\000o\000d\000u\000c\000t\000i\000o\000n}{appendix.249}% 73
\BOOKMARK [1][-]{section.251}{\376\377\000E\000.\0002\000\040\000M\000u\000s\000i\000c\000,\000\040\000C\000l\000i\000f\000f\000o\000r\000d\000\040\000b\000u\000n\000d\000l\000e\000s\000\040\000a\000n\000d\000\040\000M\000o\000d\000u\000l\000e\000s}{appendix.249}% 74
\BOOKMARK [1][-]{section.253}{\376\377\000E\000.\0003\000\040\000R\000e\000l\000a\000t\000i\000o\000n\000s\000h\000i\000p\000\040\000w\000i\000t\000h\000\040\000d\000i\000f\000f\000e\000r\000e\000n\000t\000i\000a\000l\000s}{appendix.249}% 75
\BOOKMARK [0][-]{dummy.255}{\376\377\000B\000i\000b\000l\000i\000o\000g\000r\000a\000p\000h\000y}{}% 76
